%!Adobe-FontList 1.14
%Locale:0x419

%BeginFont
Handler:DirectoryHandler
FontType:TrueType
FontName:ArialMT
FamilyName:Arial
StyleName:Regular
FullName:Arial
MenuName:Arial
StyleBits:0
WritingScript:Roman
OutlineFileName:F:\ИРИШКА\работа по web-дизайну\LP vatel\верстка\Папка lp-vatel\Document fonts\arial.ttf
DataFormat:sfntData
FileLength:755624
FileModTime:1353107181
WeightClass:400
WidthClass:5
AngleClass:0
%EndFont

%BeginFont
Handler:DirectoryHandler
FontType:Type1
FontName:MinionPro-Regular
FamilyName:Minion Pro
StyleName:Regular
FullName:Minion Pro
MenuName:Minion Pro
StyleBits:0
WritingScript:Roman
OutlineFileName:F:\ИРИШКА\работа по web-дизайну\LP vatel\верстка\Папка lp-vatel\Document fonts\MinionPro-Regular.otf
DataFormat:sfntData
UsesStandardEncoding:yes
isCFF:yes
FileLength:217280
FileModTime:1329292426
WeightClass:400
WidthClass:5
AngleClass:0
DesignSize:110
%EndFont

%BeginFont
Handler:DirectoryHandler
FontType:TrueType
FontName:TrebuchetMS
FamilyName:Trebuchet MS
StyleName:Regular
FullName:Trebuchet MS
MenuName:Trebuchet MS
StyleBits:0
WritingScript:Roman
OutlineFileName:F:\ИРИШКА\работа по web-дизайну\LP vatel\верстка\Папка lp-vatel\Document fonts\trebuc.ttf
DataFormat:sfntData
FileLength:217536
FileModTime:1343290297
WeightClass:400
WidthClass:5
AngleClass:0
%EndFont

%BeginFont
Handler:DirectoryHandler
FontType:TrueType
FontName:TrebuchetMS-Bold
FamilyName:Trebuchet MS
StyleName:Bold
FullName:Trebuchet MS Bold
MenuName:Trebuchet MS
StyleBits:2
WritingScript:Roman
OutlineFileName:F:\ИРИШКА\работа по web-дизайну\LP vatel\верстка\Папка lp-vatel\Document fonts\trebucbd.ttf
DataFormat:sfntData
FileLength:205892
FileModTime:1343290301
WeightClass:700
WidthClass:5
AngleClass:0
%EndFont

%BeginFont
Handler:DirectoryHandler
FontType:TrueType
FontName:TrebuchetMS-Italic
FamilyName:Trebuchet MS
StyleName:Italic
FullName:Trebuchet MS Italic
MenuName:Trebuchet MS
StyleBits:1
WritingScript:Roman
OutlineFileName:F:\ИРИШКА\работа по web-дизайну\LP vatel\верстка\Папка lp-vatel\Document fonts\trebucit.ttf
DataFormat:sfntData
FileLength:210824
FileModTime:1343290301
WeightClass:400
WidthClass:5
AngleClass:1
%EndFont

